<?xml version="1.0"?>
<!-- starting test suite TestSuite
- case start TitleTest
  - test start: testGetFullSlug
- case start ImageTest
  - test start: testSearchByFilename
  - test start: testSearchByFilenameMaxNotExceeded
  - test start: testSearchByFilenameWrongChannel
  - test start: testGenUrl
  - test start: testGetOrigUrl
  - test start: testGetThumbUrl
  - test start: testHasSize
- case start ArticleTest
  - test start: testFindOneByUrl
  - test start: testFindOneByUrlMissingUrl
  - test start: testFindOneByUrlMissingChannelSlug
  - test start: testFindOneByUrlMissingChannelSlugAlt
- case start ltkUrlTest
  - test start: testSlugGeneration
- case start UserTest
  - test start: testUserRoleAccessors
  - test start: testUserLevelAccessors
  - test start: testUserAssociatedChannels
- case start ChannelTest
  - test start: testSettings
  - test start: testCantSetSettingDirectly
- case start CategoryTest
  - test start: testFindOneByUrl
  - test start: testFindOneByUrlMissingUrl
  - test start: testFindOneByUrlMissingChannelSlug
  - test start: testFindOneByUrlMissingChannelSlugAlt
  - test start: testFetchTreeByChannel
- case start ltksfImageProviderTest
  - test start: testAmazonCloudFront
- case start ChannelDetailTest
  - test start: testFetchChannelDetailsByChannel
-->

<testsuite name="TestSuite" timestamp="2010-05-07T22:44:45-05:00" hostname="localhost" tests="43" failures="0" errors="7" time="0.30434107780457">
  <testcase name="testGetFullSlug" classname="unit.TitleTest" time="0.068444967269897"/>
  <testcase name="testSearchByFilename" classname="unit.ImageTest" time="0.0062010288238525">
    <failure message="/sdf2/HUDSON/jobs/LoveToKnow/workspace/site/test/unit/ImageTest.php" type="/sdf2/HUDSON/jobs/LoveToKnow/workspace/site/test/unit/ImageTest.php">TestSuite -&gt; /sdf2/HUDSON/jobs/LoveToKnow/workspace/site/test/unit/ImageTest.php


exception 'Doctrine_Connection_Mysql_Exception' with message 'SQLSTATE[42S22]: Column not found: 1054 Unknown column 'c.short_title' in 'field list'' in /sdf2/HUDSON/jobs/LoveToKnow/workspace/site/lib/vendor/symfony/lib/plugins/sfDoctrinePlugin/lib/vendor/doctrine/Doctrine/Connection.php:1082
Stack trace:
#0 /sdf2/HUDSON/jobs/LoveToKnow/workspace/site/lib/vendor/symfony/lib/plugins/sfDoctrinePlugin/lib/vendor/doctrine/Doctrine/Connection/Statement.php(269): Doctrine_Connection-&gt;rethrowException(Object(PDOException), Object(Doctrine_Connection_Statement))
#1 /sdf2/HUDSON/jobs/LoveToKnow/workspace/site/lib/vendor/symfony/lib/plugins/sfDoctrinePlugin/lib/vendor/doctrine/Doctrine/Connection.php(1006): Doctrine_Connection_Statement-&gt;execute(Array)
#2 /sdf2/HUDSON/jobs/LoveToKnow/workspace/site/lib/vendor/symfony/lib/plugins/sfDoctrinePlugin/lib/vendor/doctrine/Doctrine/Query/Abstract.php(976): Doctrine_Connection-&gt;execute('SELECT c.id AS ...', Array)
#3 /sdf2/HUDSON/jobs/LoveToKnow/workspace/site/lib/vendor/symfony/lib/plugins/sfDoctrinePlugin/lib/vendor/doctrine/Doctrine/Query/Abstract.php(1026): Doctrine_Query_Abstract-&gt;_execute(Array)
#4 /sdf2/HUDSON/jobs/LoveToKnow/workspace/site/lib/vendor/symfony/lib/plugins/sfDoctrinePlugin/lib/vendor/doctrine/Doctrine/Query.php(281): Doctrine_Query_Abstract-&gt;execute(Array, NULL)
#5 /sdf2/HUDSON/jobs/LoveToKnow/workspace/site/lib/vendor/symfony/lib/plugins/sfDoctrinePlugin/lib/vendor/doctrine/Doctrine/Table.php(1692): Doctrine_Query-&gt;fetchOne(Array, NULL)
#6 /sdf2/HUDSON/jobs/LoveToKnow/workspace/site/lib/vendor/symfony/lib/plugins/sfDoctrinePlugin/lib/vendor/doctrine/Doctrine/Table.php(2779): Doctrine_Table-&gt;findOneBy('slug', 'sci-fi', NULL)
#7 [internal function]: Doctrine_Table-&gt;__call('findOneBySlug', Array)
#8 /sdf2/HUDSON/jobs/LoveToKnow/workspace/site/test/unit/ImageTest.php(9): ChannelTable-&gt;findOneBySlug('sci-fi')
#9 /sdf2/HUDSON/jobs/LoveToKnow/workspace/site/plugins/ltksfSimpleTestPlugin/lib/vendor/simpletest/invoker.php(68): ImageTest-&gt;testSearchByFilename()
#10 /sdf2/HUDSON/jobs/LoveToKnow/workspace/site/plugins/ltksfSimpleTestPlugin/lib/vendor/simpletest/invoker.php(126): SimpleInvoker-&gt;invoke('testSearchByFil...')
#11 /sdf2/HUDSON/jobs/LoveToKnow/workspace/site/plugins/ltksfSimpleTestPlugin/lib/vendor/simpletest/errors.php(49): SimpleInvokerDecorator-&gt;invoke('testSearchByFil...')
#12 /sdf2/HUDSON/jobs/LoveToKnow/workspace/site/plugins/ltksfSimpleTestPlugin/lib/vendor/simpletest/invoker.php(126): SimpleErrorTrappingInvoker-&gt;invoke('testSearchByFil...')
#13 /sdf2/HUDSON/jobs/LoveToKnow/workspace/site/plugins/ltksfSimpleTestPlugin/lib/vendor/simpletest/exceptions.php(43): SimpleInvokerDecorator-&gt;invoke('testSearchByFil...')
#14 /sdf2/HUDSON/jobs/LoveToKnow/workspace/site/plugins/ltksfSimpleTestPlugin/lib/vendor/simpletest/test_case.php(143): SimpleExceptionTrappingInvoker-&gt;invoke('testSearchByFil...')
#15 /sdf2/HUDSON/jobs/LoveToKnow/workspace/site/plugins/ltksfSimpleTestPlugin/lib/vendor/simpletest/test_case.php(595): SimpleTestCase-&gt;run(Object(JUnitXMLReporter))
#16 /sdf2/HUDSON/jobs/LoveToKnow/workspace/site/plugins/ltksfSimpleTestPlugin/lib/vendor/simpletest/test_case.php(598): TestSuite-&gt;run(Object(JUnitXMLReporter))
#17 /sdf2/HUDSON/jobs/LoveToKnow/workspace/site/plugins/ltksfSimpleTestPlugin/lib/task/ltksfSimpleTestUnitTask.class.php(91): TestSuite-&gt;run(Object(JUnitXMLReporter))
#18 /sdf2/HUDSON/jobs/LoveToKnow/workspace/site/lib/vendor/symfony/lib/task/sfBaseTask.class.php(68): ltksfSimpleTestUnitTask-&gt;execute(Array, Array)
#19 /sdf2/HUDSON/jobs/LoveToKnow/workspace/site/lib/vendor/symfony/lib/task/sfTask.class.php(97): sfBaseTask-&gt;doRun(Object(sfCommandManager), NULL)
#20 /sdf2/HUDSON/jobs/LoveToKnow/workspace/site/lib/vendor/symfony/lib/command/sfSymfonyCommandApplication.class.php(76): sfTask-&gt;runFromCLI(Object(sfCommandManager), NULL)
#21 /sdf2/HUDSON/jobs/LoveToKnow/workspace/site/lib/vendor/symfony/lib/command/cli.php(20): sfSymfonyCommandApplication-&gt;run()
#22 /sdf2/HUDSON/jobs/LoveToKnow/workspace/site/symfony(14): include('/sdf2/HUDSON/jo...')
#23 {main}</failure>
  </testcase>
  <testcase name="testSearchByFilenameMaxNotExceeded" classname="unit.ImageTest" time="0.0036349296569824">
    <failure message="/sdf2/HUDSON/jobs/LoveToKnow/workspace/site/test/unit/ImageTest.php" type="/sdf2/HUDSON/jobs/LoveToKnow/workspace/site/test/unit/ImageTest.php">TestSuite -&gt; /sdf2/HUDSON/jobs/LoveToKnow/workspace/site/test/unit/ImageTest.php


exception 'Doctrine_Connection_Mysql_Exception' with message 'SQLSTATE[42S22]: Column not found: 1054 Unknown column 'c.short_title' in 'field list'' in /sdf2/HUDSON/jobs/LoveToKnow/workspace/site/lib/vendor/symfony/lib/plugins/sfDoctrinePlugin/lib/vendor/doctrine/Doctrine/Connection.php:1082
Stack trace:
#0 /sdf2/HUDSON/jobs/LoveToKnow/workspace/site/lib/vendor/symfony/lib/plugins/sfDoctrinePlugin/lib/vendor/doctrine/Doctrine/Connection/Statement.php(269): Doctrine_Connection-&gt;rethrowException(Object(PDOException), Object(Doctrine_Connection_Statement))
#1 /sdf2/HUDSON/jobs/LoveToKnow/workspace/site/lib/vendor/symfony/lib/plugins/sfDoctrinePlugin/lib/vendor/doctrine/Doctrine/Connection.php(1006): Doctrine_Connection_Statement-&gt;execute(Array)
#2 /sdf2/HUDSON/jobs/LoveToKnow/workspace/site/lib/vendor/symfony/lib/plugins/sfDoctrinePlugin/lib/vendor/doctrine/Doctrine/Query/Abstract.php(976): Doctrine_Connection-&gt;execute('SELECT c.id AS ...', Array)
#3 /sdf2/HUDSON/jobs/LoveToKnow/workspace/site/lib/vendor/symfony/lib/plugins/sfDoctrinePlugin/lib/vendor/doctrine/Doctrine/Query/Abstract.php(1026): Doctrine_Query_Abstract-&gt;_execute(Array)
#4 /sdf2/HUDSON/jobs/LoveToKnow/workspace/site/lib/vendor/symfony/lib/plugins/sfDoctrinePlugin/lib/vendor/doctrine/Doctrine/Query.php(281): Doctrine_Query_Abstract-&gt;execute(Array, NULL)
#5 /sdf2/HUDSON/jobs/LoveToKnow/workspace/site/lib/vendor/symfony/lib/plugins/sfDoctrinePlugin/lib/vendor/doctrine/Doctrine/Table.php(1692): Doctrine_Query-&gt;fetchOne(Array, NULL)
#6 /sdf2/HUDSON/jobs/LoveToKnow/workspace/site/lib/vendor/symfony/lib/plugins/sfDoctrinePlugin/lib/vendor/doctrine/Doctrine/Table.php(2779): Doctrine_Table-&gt;findOneBy('slug', 'sci-fi', NULL)
#7 [internal function]: Doctrine_Table-&gt;__call('findOneBySlug', Array)
#8 /sdf2/HUDSON/jobs/LoveToKnow/workspace/site/test/unit/ImageTest.php(16): ChannelTable-&gt;findOneBySlug('sci-fi')
#9 /sdf2/HUDSON/jobs/LoveToKnow/workspace/site/plugins/ltksfSimpleTestPlugin/lib/vendor/simpletest/invoker.php(68): ImageTest-&gt;testSearchByFilenameMaxNotExceeded()
#10 /sdf2/HUDSON/jobs/LoveToKnow/workspace/site/plugins/ltksfSimpleTestPlugin/lib/vendor/simpletest/invoker.php(126): SimpleInvoker-&gt;invoke('testSearchByFil...')
#11 /sdf2/HUDSON/jobs/LoveToKnow/workspace/site/plugins/ltksfSimpleTestPlugin/lib/vendor/simpletest/errors.php(49): SimpleInvokerDecorator-&gt;invoke('testSearchByFil...')
#12 /sdf2/HUDSON/jobs/LoveToKnow/workspace/site/plugins/ltksfSimpleTestPlugin/lib/vendor/simpletest/invoker.php(126): SimpleErrorTrappingInvoker-&gt;invoke('testSearchByFil...')
#13 /sdf2/HUDSON/jobs/LoveToKnow/workspace/site/plugins/ltksfSimpleTestPlugin/lib/vendor/simpletest/exceptions.php(43): SimpleInvokerDecorator-&gt;invoke('testSearchByFil...')
#14 /sdf2/HUDSON/jobs/LoveToKnow/workspace/site/plugins/ltksfSimpleTestPlugin/lib/vendor/simpletest/test_case.php(143): SimpleExceptionTrappingInvoker-&gt;invoke('testSearchByFil...')
#15 /sdf2/HUDSON/jobs/LoveToKnow/workspace/site/plugins/ltksfSimpleTestPlugin/lib/vendor/simpletest/test_case.php(595): SimpleTestCase-&gt;run(Object(JUnitXMLReporter))
#16 /sdf2/HUDSON/jobs/LoveToKnow/workspace/site/plugins/ltksfSimpleTestPlugin/lib/vendor/simpletest/test_case.php(598): TestSuite-&gt;run(Object(JUnitXMLReporter))
#17 /sdf2/HUDSON/jobs/LoveToKnow/workspace/site/plugins/ltksfSimpleTestPlugin/lib/task/ltksfSimpleTestUnitTask.class.php(91): TestSuite-&gt;run(Object(JUnitXMLReporter))
#18 /sdf2/HUDSON/jobs/LoveToKnow/workspace/site/lib/vendor/symfony/lib/task/sfBaseTask.class.php(68): ltksfSimpleTestUnitTask-&gt;execute(Array, Array)
#19 /sdf2/HUDSON/jobs/LoveToKnow/workspace/site/lib/vendor/symfony/lib/task/sfTask.class.php(97): sfBaseTask-&gt;doRun(Object(sfCommandManager), NULL)
#20 /sdf2/HUDSON/jobs/LoveToKnow/workspace/site/lib/vendor/symfony/lib/command/sfSymfonyCommandApplication.class.php(76): sfTask-&gt;runFromCLI(Object(sfCommandManager), NULL)
#21 /sdf2/HUDSON/jobs/LoveToKnow/workspace/site/lib/vendor/symfony/lib/command/cli.php(20): sfSymfonyCommandApplication-&gt;run()
#22 /sdf2/HUDSON/jobs/LoveToKnow/workspace/site/symfony(14): include('/sdf2/HUDSON/jo...')
#23 {main}</failure>
  </testcase>
  <testcase name="testSearchByFilenameWrongChannel" classname="unit.ImageTest" time="0.0036258697509766">
    <failure message="/sdf2/HUDSON/jobs/LoveToKnow/workspace/site/test/unit/ImageTest.php" type="/sdf2/HUDSON/jobs/LoveToKnow/workspace/site/test/unit/ImageTest.php">TestSuite -&gt; /sdf2/HUDSON/jobs/LoveToKnow/workspace/site/test/unit/ImageTest.php


exception 'Doctrine_Connection_Mysql_Exception' with message 'SQLSTATE[42S22]: Column not found: 1054 Unknown column 'c.short_title' in 'field list'' in /sdf2/HUDSON/jobs/LoveToKnow/workspace/site/lib/vendor/symfony/lib/plugins/sfDoctrinePlugin/lib/vendor/doctrine/Doctrine/Connection.php:1082
Stack trace:
#0 /sdf2/HUDSON/jobs/LoveToKnow/workspace/site/lib/vendor/symfony/lib/plugins/sfDoctrinePlugin/lib/vendor/doctrine/Doctrine/Connection/Statement.php(269): Doctrine_Connection-&gt;rethrowException(Object(PDOException), Object(Doctrine_Connection_Statement))
#1 /sdf2/HUDSON/jobs/LoveToKnow/workspace/site/lib/vendor/symfony/lib/plugins/sfDoctrinePlugin/lib/vendor/doctrine/Doctrine/Connection.php(1006): Doctrine_Connection_Statement-&gt;execute(Array)
#2 /sdf2/HUDSON/jobs/LoveToKnow/workspace/site/lib/vendor/symfony/lib/plugins/sfDoctrinePlugin/lib/vendor/doctrine/Doctrine/Query/Abstract.php(976): Doctrine_Connection-&gt;execute('SELECT c.id AS ...', Array)
#3 /sdf2/HUDSON/jobs/LoveToKnow/workspace/site/lib/vendor/symfony/lib/plugins/sfDoctrinePlugin/lib/vendor/doctrine/Doctrine/Query/Abstract.php(1026): Doctrine_Query_Abstract-&gt;_execute(Array)
#4 /sdf2/HUDSON/jobs/LoveToKnow/workspace/site/lib/vendor/symfony/lib/plugins/sfDoctrinePlugin/lib/vendor/doctrine/Doctrine/Query.php(281): Doctrine_Query_Abstract-&gt;execute(Array, NULL)
#5 /sdf2/HUDSON/jobs/LoveToKnow/workspace/site/lib/vendor/symfony/lib/plugins/sfDoctrinePlugin/lib/vendor/doctrine/Doctrine/Table.php(1692): Doctrine_Query-&gt;fetchOne(Array, NULL)
#6 /sdf2/HUDSON/jobs/LoveToKnow/workspace/site/lib/vendor/symfony/lib/plugins/sfDoctrinePlugin/lib/vendor/doctrine/Doctrine/Table.php(2779): Doctrine_Table-&gt;findOneBy('slug', 'sci-fi', NULL)
#7 [internal function]: Doctrine_Table-&gt;__call('findOneBySlug', Array)
#8 /sdf2/HUDSON/jobs/LoveToKnow/workspace/site/test/unit/ImageTest.php(23): ChannelTable-&gt;findOneBySlug('sci-fi')
#9 /sdf2/HUDSON/jobs/LoveToKnow/workspace/site/plugins/ltksfSimpleTestPlugin/lib/vendor/simpletest/invoker.php(68): ImageTest-&gt;testSearchByFilenameWrongChannel()
#10 /sdf2/HUDSON/jobs/LoveToKnow/workspace/site/plugins/ltksfSimpleTestPlugin/lib/vendor/simpletest/invoker.php(126): SimpleInvoker-&gt;invoke('testSearchByFil...')
#11 /sdf2/HUDSON/jobs/LoveToKnow/workspace/site/plugins/ltksfSimpleTestPlugin/lib/vendor/simpletest/errors.php(49): SimpleInvokerDecorator-&gt;invoke('testSearchByFil...')
#12 /sdf2/HUDSON/jobs/LoveToKnow/workspace/site/plugins/ltksfSimpleTestPlugin/lib/vendor/simpletest/invoker.php(126): SimpleErrorTrappingInvoker-&gt;invoke('testSearchByFil...')
#13 /sdf2/HUDSON/jobs/LoveToKnow/workspace/site/plugins/ltksfSimpleTestPlugin/lib/vendor/simpletest/exceptions.php(43): SimpleInvokerDecorator-&gt;invoke('testSearchByFil...')
#14 /sdf2/HUDSON/jobs/LoveToKnow/workspace/site/plugins/ltksfSimpleTestPlugin/lib/vendor/simpletest/test_case.php(143): SimpleExceptionTrappingInvoker-&gt;invoke('testSearchByFil...')
#15 /sdf2/HUDSON/jobs/LoveToKnow/workspace/site/plugins/ltksfSimpleTestPlugin/lib/vendor/simpletest/test_case.php(595): SimpleTestCase-&gt;run(Object(JUnitXMLReporter))
#16 /sdf2/HUDSON/jobs/LoveToKnow/workspace/site/plugins/ltksfSimpleTestPlugin/lib/vendor/simpletest/test_case.php(598): TestSuite-&gt;run(Object(JUnitXMLReporter))
#17 /sdf2/HUDSON/jobs/LoveToKnow/workspace/site/plugins/ltksfSimpleTestPlugin/lib/task/ltksfSimpleTestUnitTask.class.php(91): TestSuite-&gt;run(Object(JUnitXMLReporter))
#18 /sdf2/HUDSON/jobs/LoveToKnow/workspace/site/lib/vendor/symfony/lib/task/sfBaseTask.class.php(68): ltksfSimpleTestUnitTask-&gt;execute(Array, Array)
#19 /sdf2/HUDSON/jobs/LoveToKnow/workspace/site/lib/vendor/symfony/lib/task/sfTask.class.php(97): sfBaseTask-&gt;doRun(Object(sfCommandManager), NULL)
#20 /sdf2/HUDSON/jobs/LoveToKnow/workspace/site/lib/vendor/symfony/lib/command/sfSymfonyCommandApplication.class.php(76): sfTask-&gt;runFromCLI(Object(sfCommandManager), NULL)
#21 /sdf2/HUDSON/jobs/LoveToKnow/workspace/site/lib/vendor/symfony/lib/command/cli.php(20): sfSymfonyCommandApplication-&gt;run()
#22 /sdf2/HUDSON/jobs/LoveToKnow/workspace/site/symfony(14): include('/sdf2/HUDSON/jo...')
#23 {main}</failure>
  </testcase>
  <testcase name="testGenUrl" classname="unit.ImageTest" time="0.0006861686706543"/>
  <testcase name="testGetOrigUrl" classname="unit.ImageTest" time="0.00053906440734863"/>
  <testcase name="testGetThumbUrl" classname="unit.ImageTest" time="0.00053501129150391"/>
  <testcase name="testHasSize" classname="unit.ImageTest" time="0.0047409534454346"/>
  <testcase name="testFindOneByUrl" classname="unit.ArticleTest" time="0.039510011672974">
    <failure message="/sdf2/HUDSON/jobs/LoveToKnow/workspace/site/test/unit/ArticleTest.php" type="/sdf2/HUDSON/jobs/LoveToKnow/workspace/site/test/unit/ArticleTest.php">TestSuite -&gt; /sdf2/HUDSON/jobs/LoveToKnow/workspace/site/test/unit/ArticleTest.php


exception 'Doctrine_Connection_Mysql_Exception' with message 'SQLSTATE[42S22]: Column not found: 1054 Unknown column 'c.short_title' in 'field list'' in /sdf2/HUDSON/jobs/LoveToKnow/workspace/site/lib/vendor/symfony/lib/plugins/sfDoctrinePlugin/lib/vendor/doctrine/Doctrine/Connection.php:1082
Stack trace:
#0 /sdf2/HUDSON/jobs/LoveToKnow/workspace/site/lib/vendor/symfony/lib/plugins/sfDoctrinePlugin/lib/vendor/doctrine/Doctrine/Connection/Statement.php(269): Doctrine_Connection-&gt;rethrowException(Object(PDOException), Object(Doctrine_Connection_Statement))
#1 /sdf2/HUDSON/jobs/LoveToKnow/workspace/site/lib/vendor/symfony/lib/plugins/sfDoctrinePlugin/lib/vendor/doctrine/Doctrine/Connection.php(1006): Doctrine_Connection_Statement-&gt;execute(Array)
#2 /sdf2/HUDSON/jobs/LoveToKnow/workspace/site/lib/vendor/symfony/lib/plugins/sfDoctrinePlugin/lib/vendor/doctrine/Doctrine/Query/Abstract.php(976): Doctrine_Connection-&gt;execute('SELECT a.id AS ...', Array)
#3 /sdf2/HUDSON/jobs/LoveToKnow/workspace/site/lib/vendor/symfony/lib/plugins/sfDoctrinePlugin/lib/vendor/doctrine/Doctrine/Query/Abstract.php(1026): Doctrine_Query_Abstract-&gt;_execute(Array)
#4 /sdf2/HUDSON/jobs/LoveToKnow/workspace/site/lib/vendor/symfony/lib/plugins/sfDoctrinePlugin/lib/vendor/doctrine/Doctrine/Query.php(281): Doctrine_Query_Abstract-&gt;execute(Array, NULL)
#5 /sdf2/HUDSON/jobs/LoveToKnow/workspace/site/lib/model/doctrine/ArticleTable.class.php(20): Doctrine_Query-&gt;fetchOne()
#6 /sdf2/HUDSON/jobs/LoveToKnow/workspace/site/test/unit/ArticleTest.php(10): ArticleTable-&gt;findOneByUrl('wiki/Q', 'sci-fi')
#7 /sdf2/HUDSON/jobs/LoveToKnow/workspace/site/plugins/ltksfSimpleTestPlugin/lib/vendor/simpletest/invoker.php(68): ArticleTest-&gt;testFindOneByUrl()
#8 /sdf2/HUDSON/jobs/LoveToKnow/workspace/site/plugins/ltksfSimpleTestPlugin/lib/vendor/simpletest/invoker.php(126): SimpleInvoker-&gt;invoke('testFindOneByUr...')
#9 /sdf2/HUDSON/jobs/LoveToKnow/workspace/site/plugins/ltksfSimpleTestPlugin/lib/vendor/simpletest/errors.php(49): SimpleInvokerDecorator-&gt;invoke('testFindOneByUr...')
#10 /sdf2/HUDSON/jobs/LoveToKnow/workspace/site/plugins/ltksfSimpleTestPlugin/lib/vendor/simpletest/invoker.php(126): SimpleErrorTrappingInvoker-&gt;invoke('testFindOneByUr...')
#11 /sdf2/HUDSON/jobs/LoveToKnow/workspace/site/plugins/ltksfSimpleTestPlugin/lib/vendor/simpletest/exceptions.php(43): SimpleInvokerDecorator-&gt;invoke('testFindOneByUr...')
#12 /sdf2/HUDSON/jobs/LoveToKnow/workspace/site/plugins/ltksfSimpleTestPlugin/lib/vendor/simpletest/test_case.php(143): SimpleExceptionTrappingInvoker-&gt;invoke('testFindOneByUr...')
#13 /sdf2/HUDSON/jobs/LoveToKnow/workspace/site/plugins/ltksfSimpleTestPlugin/lib/vendor/simpletest/test_case.php(595): SimpleTestCase-&gt;run(Object(JUnitXMLReporter))
#14 /sdf2/HUDSON/jobs/LoveToKnow/workspace/site/plugins/ltksfSimpleTestPlugin/lib/vendor/simpletest/test_case.php(598): TestSuite-&gt;run(Object(JUnitXMLReporter))
#15 /sdf2/HUDSON/jobs/LoveToKnow/workspace/site/plugins/ltksfSimpleTestPlugin/lib/task/ltksfSimpleTestUnitTask.class.php(91): TestSuite-&gt;run(Object(JUnitXMLReporter))
#16 /sdf2/HUDSON/jobs/LoveToKnow/workspace/site/lib/vendor/symfony/lib/task/sfBaseTask.class.php(68): ltksfSimpleTestUnitTask-&gt;execute(Array, Array)
#17 /sdf2/HUDSON/jobs/LoveToKnow/workspace/site/lib/vendor/symfony/lib/task/sfTask.class.php(97): sfBaseTask-&gt;doRun(Object(sfCommandManager), NULL)
#18 /sdf2/HUDSON/jobs/LoveToKnow/workspace/site/lib/vendor/symfony/lib/command/sfSymfonyCommandApplication.class.php(76): sfTask-&gt;runFromCLI(Object(sfCommandManager), NULL)
#19 /sdf2/HUDSON/jobs/LoveToKnow/workspace/site/lib/vendor/symfony/lib/command/cli.php(20): sfSymfonyCommandApplication-&gt;run()
#20 /sdf2/HUDSON/jobs/LoveToKnow/workspace/site/symfony(14): include('/sdf2/HUDSON/jo...')
#21 {main}</failure>
  </testcase>
  <testcase name="testFindOneByUrlMissingUrl" classname="unit.ArticleTest" time="0.0005500316619873"/>
  <testcase name="testFindOneByUrlMissingChannelSlug" classname="unit.ArticleTest" time="0.00041985511779785"/>
  <testcase name="testFindOneByUrlMissingChannelSlugAlt" classname="unit.ArticleTest" time="0.00042295455932617"/>
  <testcase name="testSlugGeneration" classname="unit.ltkUrlTest" time="0.0018939971923828"/>
  <testcase name="testUserRoleAccessors" classname="unit.UserTest" time="0.013794898986816"/>
  <testcase name="testUserLevelAccessors" classname="unit.UserTest" time="0.048949956893921"/>
  <testcase name="testUserAssociatedChannels" classname="unit.UserTest" time="0.088422060012817"/>
  <testcase name="testSettings" classname="unit.ChannelTest" time="0.00048398971557617"/>
  <testcase name="testCantSetSettingDirectly" classname="unit.ChannelTest" time="0.00048208236694336"/>
  <testcase name="testFindOneByUrl" classname="unit.CategoryTest" time="0.0077710151672363">
    <failure message="/sdf2/HUDSON/jobs/LoveToKnow/workspace/site/test/unit/CategoryTest.php" type="/sdf2/HUDSON/jobs/LoveToKnow/workspace/site/test/unit/CategoryTest.php">TestSuite -&gt; /sdf2/HUDSON/jobs/LoveToKnow/workspace/site/test/unit/CategoryTest.php


exception 'Doctrine_Connection_Mysql_Exception' with message 'SQLSTATE[42S22]: Column not found: 1054 Unknown column 'c2.short_title' in 'field list'' in /sdf2/HUDSON/jobs/LoveToKnow/workspace/site/lib/vendor/symfony/lib/plugins/sfDoctrinePlugin/lib/vendor/doctrine/Doctrine/Connection.php:1082
Stack trace:
#0 /sdf2/HUDSON/jobs/LoveToKnow/workspace/site/lib/vendor/symfony/lib/plugins/sfDoctrinePlugin/lib/vendor/doctrine/Doctrine/Connection/Statement.php(269): Doctrine_Connection-&gt;rethrowException(Object(PDOException), Object(Doctrine_Connection_Statement))
#1 /sdf2/HUDSON/jobs/LoveToKnow/workspace/site/lib/vendor/symfony/lib/plugins/sfDoctrinePlugin/lib/vendor/doctrine/Doctrine/Connection.php(1006): Doctrine_Connection_Statement-&gt;execute(Array)
#2 /sdf2/HUDSON/jobs/LoveToKnow/workspace/site/lib/vendor/symfony/lib/plugins/sfDoctrinePlugin/lib/vendor/doctrine/Doctrine/Query/Abstract.php(976): Doctrine_Connection-&gt;execute('SELECT c.id AS ...', Array)
#3 /sdf2/HUDSON/jobs/LoveToKnow/workspace/site/lib/vendor/symfony/lib/plugins/sfDoctrinePlugin/lib/vendor/doctrine/Doctrine/Query/Abstract.php(1026): Doctrine_Query_Abstract-&gt;_execute(Array)
#4 /sdf2/HUDSON/jobs/LoveToKnow/workspace/site/lib/vendor/symfony/lib/plugins/sfDoctrinePlugin/lib/vendor/doctrine/Doctrine/Query.php(281): Doctrine_Query_Abstract-&gt;execute(Array, NULL)
#5 /sdf2/HUDSON/jobs/LoveToKnow/workspace/site/lib/model/doctrine/CategoryTable.class.php(38): Doctrine_Query-&gt;fetchOne()
#6 /sdf2/HUDSON/jobs/LoveToKnow/workspace/site/test/unit/CategoryTest.php(10): CategoryTable-&gt;findOneByUrl('wiki/Category:S...', 'sci-fi')
#7 /sdf2/HUDSON/jobs/LoveToKnow/workspace/site/plugins/ltksfSimpleTestPlugin/lib/vendor/simpletest/invoker.php(68): CategoryTest-&gt;testFindOneByUrl()
#8 /sdf2/HUDSON/jobs/LoveToKnow/workspace/site/plugins/ltksfSimpleTestPlugin/lib/vendor/simpletest/invoker.php(126): SimpleInvoker-&gt;invoke('testFindOneByUr...')
#9 /sdf2/HUDSON/jobs/LoveToKnow/workspace/site/plugins/ltksfSimpleTestPlugin/lib/vendor/simpletest/errors.php(49): SimpleInvokerDecorator-&gt;invoke('testFindOneByUr...')
#10 /sdf2/HUDSON/jobs/LoveToKnow/workspace/site/plugins/ltksfSimpleTestPlugin/lib/vendor/simpletest/invoker.php(126): SimpleErrorTrappingInvoker-&gt;invoke('testFindOneByUr...')
#11 /sdf2/HUDSON/jobs/LoveToKnow/workspace/site/plugins/ltksfSimpleTestPlugin/lib/vendor/simpletest/exceptions.php(43): SimpleInvokerDecorator-&gt;invoke('testFindOneByUr...')
#12 /sdf2/HUDSON/jobs/LoveToKnow/workspace/site/plugins/ltksfSimpleTestPlugin/lib/vendor/simpletest/test_case.php(143): SimpleExceptionTrappingInvoker-&gt;invoke('testFindOneByUr...')
#13 /sdf2/HUDSON/jobs/LoveToKnow/workspace/site/plugins/ltksfSimpleTestPlugin/lib/vendor/simpletest/test_case.php(595): SimpleTestCase-&gt;run(Object(JUnitXMLReporter))
#14 /sdf2/HUDSON/jobs/LoveToKnow/workspace/site/plugins/ltksfSimpleTestPlugin/lib/vendor/simpletest/test_case.php(598): TestSuite-&gt;run(Object(JUnitXMLReporter))
#15 /sdf2/HUDSON/jobs/LoveToKnow/workspace/site/plugins/ltksfSimpleTestPlugin/lib/task/ltksfSimpleTestUnitTask.class.php(91): TestSuite-&gt;run(Object(JUnitXMLReporter))
#16 /sdf2/HUDSON/jobs/LoveToKnow/workspace/site/lib/vendor/symfony/lib/task/sfBaseTask.class.php(68): ltksfSimpleTestUnitTask-&gt;execute(Array, Array)
#17 /sdf2/HUDSON/jobs/LoveToKnow/workspace/site/lib/vendor/symfony/lib/task/sfTask.class.php(97): sfBaseTask-&gt;doRun(Object(sfCommandManager), NULL)
#18 /sdf2/HUDSON/jobs/LoveToKnow/workspace/site/lib/vendor/symfony/lib/command/sfSymfonyCommandApplication.class.php(76): sfTask-&gt;runFromCLI(Object(sfCommandManager), NULL)
#19 /sdf2/HUDSON/jobs/LoveToKnow/workspace/site/lib/vendor/symfony/lib/command/cli.php(20): sfSymfonyCommandApplication-&gt;run()
#20 /sdf2/HUDSON/jobs/LoveToKnow/workspace/site/symfony(14): include('/sdf2/HUDSON/jo...')
#21 {main}</failure>
  </testcase>
  <testcase name="testFindOneByUrlMissingUrl" classname="unit.CategoryTest" time="0.00049901008605957"/>
  <testcase name="testFindOneByUrlMissingChannelSlug" classname="unit.CategoryTest" time="0.00039196014404297"/>
  <testcase name="testFindOneByUrlMissingChannelSlugAlt" classname="unit.CategoryTest" time="0.00042891502380371"/>
  <testcase name="testFetchTreeByChannel" classname="unit.CategoryTest" time="0.0033230781555176">
    <failure message="/sdf2/HUDSON/jobs/LoveToKnow/workspace/site/test/unit/CategoryTest.php" type="/sdf2/HUDSON/jobs/LoveToKnow/workspace/site/test/unit/CategoryTest.php">TestSuite -&gt; /sdf2/HUDSON/jobs/LoveToKnow/workspace/site/test/unit/CategoryTest.php


exception 'Doctrine_Connection_Mysql_Exception' with message 'SQLSTATE[42S22]: Column not found: 1054 Unknown column 'c.short_title' in 'field list'' in /sdf2/HUDSON/jobs/LoveToKnow/workspace/site/lib/vendor/symfony/lib/plugins/sfDoctrinePlugin/lib/vendor/doctrine/Doctrine/Connection.php:1082
Stack trace:
#0 /sdf2/HUDSON/jobs/LoveToKnow/workspace/site/lib/vendor/symfony/lib/plugins/sfDoctrinePlugin/lib/vendor/doctrine/Doctrine/Connection/Statement.php(269): Doctrine_Connection-&gt;rethrowException(Object(PDOException), Object(Doctrine_Connection_Statement))
#1 /sdf2/HUDSON/jobs/LoveToKnow/workspace/site/lib/vendor/symfony/lib/plugins/sfDoctrinePlugin/lib/vendor/doctrine/Doctrine/Connection.php(1006): Doctrine_Connection_Statement-&gt;execute(Array)
#2 /sdf2/HUDSON/jobs/LoveToKnow/workspace/site/lib/vendor/symfony/lib/plugins/sfDoctrinePlugin/lib/vendor/doctrine/Doctrine/Query/Abstract.php(976): Doctrine_Connection-&gt;execute('SELECT c.id AS ...', Array)
#3 /sdf2/HUDSON/jobs/LoveToKnow/workspace/site/lib/vendor/symfony/lib/plugins/sfDoctrinePlugin/lib/vendor/doctrine/Doctrine/Query/Abstract.php(1026): Doctrine_Query_Abstract-&gt;_execute(Array)
#4 /sdf2/HUDSON/jobs/LoveToKnow/workspace/site/lib/vendor/symfony/lib/plugins/sfDoctrinePlugin/lib/vendor/doctrine/Doctrine/Query.php(281): Doctrine_Query_Abstract-&gt;execute(Array, NULL)
#5 /sdf2/HUDSON/jobs/LoveToKnow/workspace/site/lib/vendor/symfony/lib/plugins/sfDoctrinePlugin/lib/vendor/doctrine/Doctrine/Table.php(1692): Doctrine_Query-&gt;fetchOne(Array, NULL)
#6 /sdf2/HUDSON/jobs/LoveToKnow/workspace/site/lib/vendor/symfony/lib/plugins/sfDoctrinePlugin/lib/vendor/doctrine/Doctrine/Table.php(2779): Doctrine_Table-&gt;findOneBy('slug', 'sci-fi', NULL)
#7 [internal function]: Doctrine_Table-&gt;__call('findOneBySlug', Array)
#8 /sdf2/HUDSON/jobs/LoveToKnow/workspace/site/test/unit/CategoryTest.php(40): ChannelTable-&gt;findOneBySlug('sci-fi')
#9 /sdf2/HUDSON/jobs/LoveToKnow/workspace/site/plugins/ltksfSimpleTestPlugin/lib/vendor/simpletest/invoker.php(68): CategoryTest-&gt;testFetchTreeByChannel()
#10 /sdf2/HUDSON/jobs/LoveToKnow/workspace/site/plugins/ltksfSimpleTestPlugin/lib/vendor/simpletest/invoker.php(126): SimpleInvoker-&gt;invoke('testFetchTreeBy...')
#11 /sdf2/HUDSON/jobs/LoveToKnow/workspace/site/plugins/ltksfSimpleTestPlugin/lib/vendor/simpletest/errors.php(49): SimpleInvokerDecorator-&gt;invoke('testFetchTreeBy...')
#12 /sdf2/HUDSON/jobs/LoveToKnow/workspace/site/plugins/ltksfSimpleTestPlugin/lib/vendor/simpletest/invoker.php(126): SimpleErrorTrappingInvoker-&gt;invoke('testFetchTreeBy...')
#13 /sdf2/HUDSON/jobs/LoveToKnow/workspace/site/plugins/ltksfSimpleTestPlugin/lib/vendor/simpletest/exceptions.php(43): SimpleInvokerDecorator-&gt;invoke('testFetchTreeBy...')
#14 /sdf2/HUDSON/jobs/LoveToKnow/workspace/site/plugins/ltksfSimpleTestPlugin/lib/vendor/simpletest/test_case.php(143): SimpleExceptionTrappingInvoker-&gt;invoke('testFetchTreeBy...')
#15 /sdf2/HUDSON/jobs/LoveToKnow/workspace/site/plugins/ltksfSimpleTestPlugin/lib/vendor/simpletest/test_case.php(595): SimpleTestCase-&gt;run(Object(JUnitXMLReporter))
#16 /sdf2/HUDSON/jobs/LoveToKnow/workspace/site/plugins/ltksfSimpleTestPlugin/lib/vendor/simpletest/test_case.php(598): TestSuite-&gt;run(Object(JUnitXMLReporter))
#17 /sdf2/HUDSON/jobs/LoveToKnow/workspace/site/plugins/ltksfSimpleTestPlugin/lib/task/ltksfSimpleTestUnitTask.class.php(91): TestSuite-&gt;run(Object(JUnitXMLReporter))
#18 /sdf2/HUDSON/jobs/LoveToKnow/workspace/site/lib/vendor/symfony/lib/task/sfBaseTask.class.php(68): ltksfSimpleTestUnitTask-&gt;execute(Array, Array)
#19 /sdf2/HUDSON/jobs/LoveToKnow/workspace/site/lib/vendor/symfony/lib/task/sfTask.class.php(97): sfBaseTask-&gt;doRun(Object(sfCommandManager), NULL)
#20 /sdf2/HUDSON/jobs/LoveToKnow/workspace/site/lib/vendor/symfony/lib/command/sfSymfonyCommandApplication.class.php(76): sfTask-&gt;runFromCLI(Object(sfCommandManager), NULL)
#21 /sdf2/HUDSON/jobs/LoveToKnow/workspace/site/lib/vendor/symfony/lib/command/cli.php(20): sfSymfonyCommandApplication-&gt;run()
#22 /sdf2/HUDSON/jobs/LoveToKnow/workspace/site/symfony(14): include('/sdf2/HUDSON/jo...')
#23 {main}</failure>
  </testcase>
  <testcase name="testAmazonCloudFront" classname="unit.ltksfImageProviderTest" time="7.0095062255859E-5"/>
  <testcase name="testFetchChannelDetailsByChannel" classname="unit.ChannelDetailTest" time="0.0034699440002441">
    <failure message="/sdf2/HUDSON/jobs/LoveToKnow/workspace/site/test/unit/ChannelDetailTest.php" type="/sdf2/HUDSON/jobs/LoveToKnow/workspace/site/test/unit/ChannelDetailTest.php">TestSuite -&gt; /sdf2/HUDSON/jobs/LoveToKnow/workspace/site/test/unit/ChannelDetailTest.php


exception 'Doctrine_Connection_Mysql_Exception' with message 'SQLSTATE[42S22]: Column not found: 1054 Unknown column 'c.short_title' in 'field list'' in /sdf2/HUDSON/jobs/LoveToKnow/workspace/site/lib/vendor/symfony/lib/plugins/sfDoctrinePlugin/lib/vendor/doctrine/Doctrine/Connection.php:1082
Stack trace:
#0 /sdf2/HUDSON/jobs/LoveToKnow/workspace/site/lib/vendor/symfony/lib/plugins/sfDoctrinePlugin/lib/vendor/doctrine/Doctrine/Connection/Statement.php(269): Doctrine_Connection-&gt;rethrowException(Object(PDOException), Object(Doctrine_Connection_Statement))
#1 /sdf2/HUDSON/jobs/LoveToKnow/workspace/site/lib/vendor/symfony/lib/plugins/sfDoctrinePlugin/lib/vendor/doctrine/Doctrine/Connection.php(1006): Doctrine_Connection_Statement-&gt;execute(Array)
#2 /sdf2/HUDSON/jobs/LoveToKnow/workspace/site/lib/vendor/symfony/lib/plugins/sfDoctrinePlugin/lib/vendor/doctrine/Doctrine/Query/Abstract.php(976): Doctrine_Connection-&gt;execute('SELECT c.id AS ...', Array)
#3 /sdf2/HUDSON/jobs/LoveToKnow/workspace/site/lib/vendor/symfony/lib/plugins/sfDoctrinePlugin/lib/vendor/doctrine/Doctrine/Query/Abstract.php(1026): Doctrine_Query_Abstract-&gt;_execute(Array)
#4 /sdf2/HUDSON/jobs/LoveToKnow/workspace/site/lib/vendor/symfony/lib/plugins/sfDoctrinePlugin/lib/vendor/doctrine/Doctrine/Query.php(281): Doctrine_Query_Abstract-&gt;execute(Array, NULL)
#5 /sdf2/HUDSON/jobs/LoveToKnow/workspace/site/lib/vendor/symfony/lib/plugins/sfDoctrinePlugin/lib/vendor/doctrine/Doctrine/Table.php(1692): Doctrine_Query-&gt;fetchOne(Array, NULL)
#6 /sdf2/HUDSON/jobs/LoveToKnow/workspace/site/lib/vendor/symfony/lib/plugins/sfDoctrinePlugin/lib/vendor/doctrine/Doctrine/Table.php(2779): Doctrine_Table-&gt;findOneBy('slug', 'hair', NULL)
#7 [internal function]: Doctrine_Table-&gt;__call('findOneBySlug', Array)
#8 /sdf2/HUDSON/jobs/LoveToKnow/workspace/site/test/unit/ChannelDetailTest.php(9): ChannelTable-&gt;findOneBySlug('hair')
#9 /sdf2/HUDSON/jobs/LoveToKnow/workspace/site/plugins/ltksfSimpleTestPlugin/lib/vendor/simpletest/invoker.php(68): ChannelDetailTest-&gt;testFetchChannelDetailsByChannel()
#10 /sdf2/HUDSON/jobs/LoveToKnow/workspace/site/plugins/ltksfSimpleTestPlugin/lib/vendor/simpletest/invoker.php(126): SimpleInvoker-&gt;invoke('testFetchChanne...')
#11 /sdf2/HUDSON/jobs/LoveToKnow/workspace/site/plugins/ltksfSimpleTestPlugin/lib/vendor/simpletest/errors.php(49): SimpleInvokerDecorator-&gt;invoke('testFetchChanne...')
#12 /sdf2/HUDSON/jobs/LoveToKnow/workspace/site/plugins/ltksfSimpleTestPlugin/lib/vendor/simpletest/invoker.php(126): SimpleErrorTrappingInvoker-&gt;invoke('testFetchChanne...')
#13 /sdf2/HUDSON/jobs/LoveToKnow/workspace/site/plugins/ltksfSimpleTestPlugin/lib/vendor/simpletest/exceptions.php(43): SimpleInvokerDecorator-&gt;invoke('testFetchChanne...')
#14 /sdf2/HUDSON/jobs/LoveToKnow/workspace/site/plugins/ltksfSimpleTestPlugin/lib/vendor/simpletest/test_case.php(143): SimpleExceptionTrappingInvoker-&gt;invoke('testFetchChanne...')
#15 /sdf2/HUDSON/jobs/LoveToKnow/workspace/site/plugins/ltksfSimpleTestPlugin/lib/vendor/simpletest/test_case.php(595): SimpleTestCase-&gt;run(Object(JUnitXMLReporter))
#16 /sdf2/HUDSON/jobs/LoveToKnow/workspace/site/plugins/ltksfSimpleTestPlugin/lib/vendor/simpletest/test_case.php(598): TestSuite-&gt;run(Object(JUnitXMLReporter))
#17 /sdf2/HUDSON/jobs/LoveToKnow/workspace/site/plugins/ltksfSimpleTestPlugin/lib/task/ltksfSimpleTestUnitTask.class.php(91): TestSuite-&gt;run(Object(JUnitXMLReporter))
#18 /sdf2/HUDSON/jobs/LoveToKnow/workspace/site/lib/vendor/symfony/lib/task/sfBaseTask.class.php(68): ltksfSimpleTestUnitTask-&gt;execute(Array, Array)
#19 /sdf2/HUDSON/jobs/LoveToKnow/workspace/site/lib/vendor/symfony/lib/task/sfTask.class.php(97): sfBaseTask-&gt;doRun(Object(sfCommandManager), NULL)
#20 /sdf2/HUDSON/jobs/LoveToKnow/workspace/site/lib/vendor/symfony/lib/command/sfSymfonyCommandApplication.class.php(76): sfTask-&gt;runFromCLI(Object(sfCommandManager), NULL)
#21 /sdf2/HUDSON/jobs/LoveToKnow/workspace/site/lib/vendor/symfony/lib/command/cli.php(20): sfSymfonyCommandApplication-&gt;run()
#22 /sdf2/HUDSON/jobs/LoveToKnow/workspace/site/symfony(14): include('/sdf2/HUDSON/jo...')
#23 {main}</failure>
  </testcase>
</testsuite>
